start
before express require
express required
app created
before fetchProfile require
require failed: fetchFromMongo is not defined
start
before express require
express required
app created
before fetchProfile require
fetchProfile required
before mongodb require
mongodb required
after top-level requires
start
before express require
express required
app created
before fetchProfile require
fetchProfile required
before mongodb require
mongodb required
after top-level requires
start
before express require
express required
app created
before fetchProfile require
fetchProfile required
before mongodb require
mongodb required
after top-level requires
start
before express require
express required
app created
before fetchProfile require
fetchProfile required
before mongodb require
mongodb required
after top-level requires
start
before express require
express required
app created
before fetchProfile require
fetchProfile required
before mongodb require
mongodb required
after top-level requires
start
before express require
express required
app created
before fetchProfile require
fetchProfile required
before mongodb require
mongodb required
after top-level requires
start
before express require
express required
app created
before fetchProfile require
fetchProfile required
before mongodb require
mongodb required
after top-level requires
start
before express require
express required
app created
before fetchProfile require
fetchProfile required
before mongodb require
mongodb required
after top-level requires
start
before express require
express required
app created
before fetchProfile require
fetchProfile required
before mongodb require
mongodb required
after top-level requires
start
before express require
express required
app created
before fetchProfile require
fetchProfile required
before mongodb require
mongodb required
after top-level requires
start
before express require
express required
app created
before fetchProfile require
fetchProfile required
before mongodb require
mongodb required
after top-level requires
start
before express require
express required
app created
before fetchProfile require
fetchProfile required
before mongodb require
mongodb required
after top-level requires
start
before express require
express required
app created
before fetchProfile require
fetchProfile required
before mongodb require
mongodb required
after top-level requires
start
before express require
express required
app created
before fetchProfile require
fetchProfile required
before mongodb require
mongodb required
start
before express require
express required
app created
before fetchProfile require
fetchProfile required
before mongodb require
mongodb required
after top-level requires
start
before express require
express required
app created
before fetchProfile require
fetchProfile required
before mongodb require
mongodb required
after top-level requires
start
before express require
express required
app created
before fetchProfile require
fetchProfile required
before mongodb require
mongodb required
after top-level requires
start
before express require
express required
app created
before fetchProfile require
fetchProfile required
before mongodb require
mongodb required
after top-level requires
start
before express require
express required
app created
before fetchProfile require
fetchProfile required
before mongodb require
mongodb required
after top-level requires
